2025-12-09 21:11:44,768 - atli_monitor - INFO - 日志系统已启动，日志文件: logs\atli_monitor_20251209_211144.log
2025-12-09 21:11:44,768 - atli_monitor - INFO - === ATLI 相机监控系统启动 ===
2025-12-09 21:11:44,773 - config_loader - INFO - 检测到运行环境: windows
2025-12-09 21:11:44,773 - config_loader - INFO - 使用 windows 环境配置
2025-12-09 21:11:44,774 - config_loader - INFO - 当前环境: windows
2025-12-09 21:11:44,774 - config_loader - INFO - 上传目录: RT_text/atli_uploads
2025-12-09 21:11:44,774 - config_loader - INFO - 处理目录: RT_text/atli_processed
2025-12-09 21:11:44,774 - config_loader - INFO - 确保目录存在: RT_text/atli_uploads\camera1
2025-12-09 21:11:44,775 - config_loader - INFO - 确保目录存在: RT_text/atli_uploads\camera2
2025-12-09 21:11:44,775 - config_loader - INFO - 确保目录存在: RT_text/atli_processed
2025-12-09 21:11:44,775 - config_loader - INFO - 确保日志目录存在: /var/log
2025-12-09 21:11:44,775 - atli_monitor - INFO - ========================================
2025-12-09 21:11:44,775 - atli_monitor - INFO - 系统配置信息
2025-12-09 21:11:44,775 - atli_monitor - INFO - 运行环境: windows
2025-12-09 21:11:44,775 - atli_monitor - INFO - 监控上传目录: RT_text/atli_uploads
2025-12-09 21:11:44,775 - atli_monitor - INFO - 输出处理目录: RT_text/atli_processed
2025-12-09 21:11:44,775 - atli_monitor - INFO - 等待时间: 2秒
2025-12-09 21:11:44,775 - atli_monitor - INFO - 相机数量: 2
2025-12-09 21:11:44,775 - atli_monitor - INFO -   - camera1
2025-12-09 21:11:44,775 - atli_monitor - INFO -   - camera2
2025-12-09 21:11:44,775 - atli_monitor - INFO - ========================================
2025-12-09 21:11:44,775 - atli_monitor - INFO - 初始化相机监控器 - 相机数量: 2
2025-12-09 21:11:44,775 - atli_monitor - INFO - 监控路径: RT_text/atli_uploads
2025-12-09 21:11:44,776 - atli_monitor - INFO - 处理路径: RT_text/atli_processed
2025-12-09 21:11:44,776 - atli_monitor - INFO - 等待时间: 2秒
2025-12-09 21:11:44,776 - atli_monitor - INFO - 相机 camera1 像素提取器初始化成功
2025-12-09 21:11:44,776 - atli_monitor - INFO - 相机 camera2 像素提取器初始化成功
2025-12-09 21:11:44,776 - atli_monitor - INFO - 开始启动监控服务...
2025-12-09 21:11:44,776 - atli_monitor - INFO - 初始化相机处理器 - camera1
2025-12-09 21:11:44,776 - atli_monitor - INFO - 监控路径: RT_text/atli_uploads\camera1
2025-12-09 21:11:44,776 - atli_monitor - INFO - 输出路径: RT_text/atli_processed\camera1
2025-12-09 21:11:44,777 - atli_monitor - INFO - 开始监控相机: camera1 - 路径: RT_text/atli_uploads\camera1
2025-12-09 21:11:44,777 - atli_monitor - INFO - 初始化相机处理器 - camera2
2025-12-09 21:11:44,777 - atli_monitor - INFO - 监控路径: RT_text/atli_uploads\camera2
2025-12-09 21:11:44,778 - atli_monitor - INFO - 输出路径: RT_text/atli_processed\camera2
2025-12-09 21:11:44,778 - atli_monitor - INFO - 开始监控相机: camera2 - 路径: RT_text/atli_uploads\camera2
2025-12-09 21:11:44,779 - atli_monitor - INFO - 所有相机监控已启动成功
2025-12-09 21:11:50,453 - atli_monitor - INFO - 检测到新时间文件夹: TLS_0236_daasda
2025-12-09 21:11:50,454 - atli_monitor - INFO - 检测到新时间文件夹: TLS_0288_afsvweq
2025-12-09 21:11:50,454 - atli_monitor - INFO - 更新监控文件夹: TLS_0236_daasda
2025-12-09 21:11:50,455 - atli_monitor - INFO - 更新监控文件夹: TLS_0288_afsvweq
2025-12-09 21:11:50,456 - atli_monitor - INFO - 初始化时间文件夹处理器 - camera1/TLS_0236_daasda
2025-12-09 21:11:50,456 - atli_monitor - INFO - 监控路径: RT_text/atli_uploads\camera1\TLS_0236_daasda
2025-12-09 21:11:50,457 - atli_monitor - INFO - 等待时间: 2秒
2025-12-09 21:11:50,458 - atli_monitor - INFO - 初始化时间文件夹处理器 - camera2/TLS_0288_afsvweq
2025-12-09 21:11:50,458 - atli_monitor - INFO - 监控路径: RT_text/atli_uploads\camera2\TLS_0288_afsvweq
2025-12-09 21:11:50,458 - atli_monitor - INFO - 等待时间: 2秒
2025-12-09 21:11:57,485 - atli_monitor - INFO - 开始处理图片: TLS_0288_0061.jpg
2025-12-09 21:11:57,485 - atli_monitor - INFO - 开始处理图片: TLS_0236_0061.jpg
2025-12-09 21:11:57,486 - atli_monitor - INFO - 图片文件信息 - 大小: 10054236 bytes
2025-12-09 21:11:57,487 - atli_monitor - INFO - 图片文件信息 - 大小: 9975228 bytes
2025-12-09 21:11:57,509 - atli_monitor - INFO - 开始提取像素坐标: TLS_0288_0061.jpg
2025-12-09 21:11:57,510 - atli_monitor - INFO - 开始提取像素坐标: TLS_0236_0061.jpg
2025-12-09 21:11:58,060 - atli_monitor - INFO - 像素坐标提取成功 - 点数: 12, 耗时: 0.550秒
2025-12-09 21:11:58,060 - atli_monitor - INFO - 保存像素坐标文件: RT_text/atli_processed\camera1\TLS_0236\pixel\20251205100106.txt - 12个点
2025-12-09 21:11:58,062 - atli_monitor - INFO - 像素坐标文件保存完成，耗时: 0.002秒
2025-12-09 21:11:58,063 - atli_monitor - INFO - 开始备份图片: RT_text/atli_processed\camera1\TLS_0236\img\20251205100106.jpg
2025-12-09 21:11:58,080 - atli_monitor - INFO - 像素坐标提取成功 - 点数: 12, 耗时: 0.570秒
2025-12-09 21:11:58,080 - atli_monitor - INFO - 保存像素坐标文件: RT_text/atli_processed\camera2\TLS_0288\pixel\20251205100106.txt - 12个点
2025-12-09 21:11:58,088 - atli_monitor - INFO - 像素坐标文件保存完成，耗时: 0.008秒
2025-12-09 21:11:58,088 - atli_monitor - INFO - 开始备份图片: RT_text/atli_processed\camera2\TLS_0288\img\20251205100106.jpg
2025-12-09 21:11:58,106 - atli_monitor - INFO - 备份图片生成完成，耗时: 0.043秒
2025-12-09 21:11:58,106 - atli_monitor - INFO - 开始生成标注图片: RT_text/atli_processed\camera1\TLS_0236\draw_img\20251205100106.jpg
2025-12-09 21:11:58,123 - atli_monitor - INFO - 备份图片生成完成，耗时: 0.035秒
2025-12-09 21:11:58,123 - atli_monitor - INFO - 开始生成标注图片: RT_text/atli_processed\camera2\TLS_0288\draw_img\20251205100106.jpg
2025-12-09 21:11:58,433 - atli_monitor - INFO - 标注图片生成完成，耗时: 0.326秒
2025-12-09 21:11:58,434 - atli_monitor - INFO - 原始图片已删除: RT_text/atli_uploads\camera1\TLS_0236_daasda\TLS_0236_0061.jpg (9975228 bytes)
2025-12-09 21:11:58,434 - atli_monitor - INFO - 图片处理完成: TLS_0236_0061.jpg -> 坐标文件: 20251205100106.txt, 备份图片: TLS_0236_0061.jpg
2025-12-09 21:11:58,481 - atli_monitor - INFO - 标注图片生成完成，耗时: 0.358秒
2025-12-09 21:11:58,483 - atli_monitor - INFO - 原始图片已删除: RT_text/atli_uploads\camera2\TLS_0288_afsvweq\TLS_0288_0061.jpg (10054236 bytes)
2025-12-09 21:11:58,484 - atli_monitor - INFO - 图片处理完成: TLS_0288_0061.jpg -> 坐标文件: 20251205100106.txt, 备份图片: TLS_0288_0061.jpg
2025-12-09 21:12:12,528 - atli_monitor - INFO - 开始处理图片: TLS_0288_0097.jpg
2025-12-09 21:12:12,528 - atli_monitor - INFO - 开始处理图片: TLS_0236_0097.jpg
2025-12-09 21:12:12,529 - atli_monitor - INFO - 图片文件信息 - 大小: 9929976 bytes
2025-12-09 21:12:12,529 - atli_monitor - INFO - 图片文件信息 - 大小: 9951964 bytes
2025-12-09 21:12:12,532 - atli_monitor - INFO - 开始提取像素坐标: TLS_0288_0097.jpg
2025-12-09 21:12:12,532 - atli_monitor - INFO - 开始提取像素坐标: TLS_0236_0097.jpg
2025-12-09 21:12:13,050 - atli_monitor - INFO - 像素坐标提取成功 - 点数: 12, 耗时: 0.518秒
2025-12-09 21:12:13,050 - atli_monitor - INFO - 保存像素坐标文件: RT_text/atli_processed\camera2\TLS_0288\pixel\20251205160106.txt - 12个点
2025-12-09 21:12:13,053 - atli_monitor - INFO - 像素坐标文件保存完成，耗时: 0.003秒
2025-12-09 21:12:13,053 - atli_monitor - INFO - 开始备份图片: RT_text/atli_processed\camera2\TLS_0288\img\20251205160106.jpg
2025-12-09 21:12:13,092 - atli_monitor - INFO - 备份图片生成完成，耗时: 0.039秒
2025-12-09 21:12:13,092 - atli_monitor - INFO - 开始生成标注图片: RT_text/atli_processed\camera2\TLS_0288\draw_img\20251205160106.jpg
2025-12-09 21:12:13,139 - atli_monitor - INFO - 像素坐标提取成功 - 点数: 12, 耗时: 0.606秒
2025-12-09 21:12:13,139 - atli_monitor - INFO - 保存像素坐标文件: RT_text/atli_processed\camera1\TLS_0236\pixel\20251205160106.txt - 12个点
2025-12-09 21:12:13,142 - atli_monitor - INFO - 像素坐标文件保存完成，耗时: 0.002秒
2025-12-09 21:12:13,142 - atli_monitor - INFO - 开始备份图片: RT_text/atli_processed\camera1\TLS_0236\img\20251205160106.jpg
2025-12-09 21:12:13,185 - atli_monitor - INFO - 备份图片生成完成，耗时: 0.043秒
2025-12-09 21:12:13,186 - atli_monitor - INFO - 开始生成标注图片: RT_text/atli_processed\camera1\TLS_0236\draw_img\20251205160106.jpg
2025-12-09 21:12:13,452 - atli_monitor - INFO - 标注图片生成完成，耗时: 0.360秒
2025-12-09 21:12:13,453 - atli_monitor - INFO - 原始图片已删除: RT_text/atli_uploads\camera2\TLS_0288_afsvweq\TLS_0288_0097.jpg (9929976 bytes)
2025-12-09 21:12:13,454 - atli_monitor - INFO - 图片处理完成: TLS_0288_0097.jpg -> 坐标文件: 20251205160106.txt, 备份图片: TLS_0288_0097.jpg
2025-12-09 21:12:13,496 - atli_monitor - INFO - 标注图片生成完成，耗时: 0.310秒
2025-12-09 21:12:13,498 - atli_monitor - INFO - 原始图片已删除: RT_text/atli_uploads\camera1\TLS_0236_daasda\TLS_0236_0097.jpg (9951964 bytes)
2025-12-09 21:12:13,498 - atli_monitor - INFO - 图片处理完成: TLS_0236_0097.jpg -> 坐标文件: 20251205160106.txt, 备份图片: TLS_0236_0097.jpg
2025-12-09 21:12:27,601 - atli_monitor - INFO - 开始处理图片: TLS_0288_0133.jpg
2025-12-09 21:12:27,601 - atli_monitor - INFO - 开始处理图片: TLS_0236_0133.jpg
2025-12-09 21:12:27,602 - atli_monitor - INFO - 图片文件信息 - 大小: 5192607 bytes
2025-12-09 21:12:27,603 - atli_monitor - INFO - 图片文件信息 - 大小: 5248154 bytes
2025-12-09 21:12:27,604 - atli_monitor - INFO - 开始提取像素坐标: TLS_0288_0133.jpg
2025-12-09 21:12:27,606 - atli_monitor - INFO - 开始提取像素坐标: TLS_0236_0133.jpg
2025-12-09 21:12:28,006 - atli_monitor - INFO - 像素坐标提取成功 - 点数: 12, 耗时: 0.400秒
2025-12-09 21:12:28,006 - atli_monitor - INFO - 保存像素坐标文件: RT_text/atli_processed\camera1\TLS_0236\pixel\20251205220112.txt - 12个点
2025-12-09 21:12:28,008 - atli_monitor - INFO - 像素坐标文件保存完成，耗时: 0.002秒
2025-12-09 21:12:28,008 - atli_monitor - INFO - 开始备份图片: RT_text/atli_processed\camera1\TLS_0236\img\20251205220112.jpg
2025-12-09 21:12:28,029 - atli_monitor - INFO - 备份图片生成完成，耗时: 0.020秒
2025-12-09 21:12:28,029 - atli_monitor - INFO - 开始生成标注图片: RT_text/atli_processed\camera1\TLS_0236\draw_img\20251205220112.jpg
2025-12-09 21:12:28,139 - atli_monitor - INFO - 像素坐标提取成功 - 点数: 12, 耗时: 0.534秒
2025-12-09 21:12:28,139 - atli_monitor - INFO - 保存像素坐标文件: RT_text/atli_processed\camera2\TLS_0288\pixel\20251205220111.txt - 12个点
2025-12-09 21:12:28,141 - atli_monitor - INFO - 像素坐标文件保存完成，耗时: 0.001秒
2025-12-09 21:12:28,141 - atli_monitor - INFO - 开始备份图片: RT_text/atli_processed\camera2\TLS_0288\img\20251205220111.jpg
2025-12-09 21:12:28,157 - atli_monitor - INFO - 备份图片生成完成，耗时: 0.016秒
2025-12-09 21:12:28,157 - atli_monitor - INFO - 开始生成标注图片: RT_text/atli_processed\camera2\TLS_0288\draw_img\20251205220111.jpg
2025-12-09 21:12:28,327 - atli_monitor - INFO - 标注图片生成完成，耗时: 0.297秒
2025-12-09 21:12:28,327 - atli_monitor - INFO - 原始图片已删除: RT_text/atli_uploads\camera1\TLS_0236_daasda\TLS_0236_0133.jpg (5248154 bytes)
2025-12-09 21:12:28,327 - atli_monitor - INFO - 图片处理完成: TLS_0236_0133.jpg -> 坐标文件: 20251205220112.txt, 备份图片: TLS_0236_0133.jpg
2025-12-09 21:12:28,394 - atli_monitor - INFO - 标注图片生成完成，耗时: 0.237秒
2025-12-09 21:12:28,396 - atli_monitor - INFO - 原始图片已删除: RT_text/atli_uploads\camera2\TLS_0288_afsvweq\TLS_0288_0133.jpg (5192607 bytes)
2025-12-09 21:12:28,396 - atli_monitor - INFO - 图片处理完成: TLS_0288_0133.jpg -> 坐标文件: 20251205220111.txt, 备份图片: TLS_0288_0133.jpg
2025-12-09 21:12:55,634 - atli_monitor - INFO - 检测到新时间文件夹: TLS_0289_dfasasfaca
2025-12-09 21:12:55,635 - atli_monitor - INFO - 检测到新时间文件夹: TLS_0237_fasda
2025-12-09 21:12:55,637 - atli_monitor - INFO - 更新监控文件夹: TLS_0289_dfasasfaca
2025-12-09 21:12:55,641 - atli_monitor - INFO - 初始化时间文件夹处理器 - camera2/TLS_0289_dfasasfaca
2025-12-09 21:12:55,641 - atli_monitor - INFO - 监控路径: RT_text/atli_uploads\camera2\TLS_0289_dfasasfaca
2025-12-09 21:12:55,641 - atli_monitor - INFO - 等待时间: 2秒
2025-12-09 21:12:55,649 - atli_monitor - INFO - 更新监控文件夹: TLS_0237_fasda
2025-12-09 21:12:55,654 - atli_monitor - INFO - 初始化时间文件夹处理器 - camera1/TLS_0237_fasda
2025-12-09 21:12:55,654 - atli_monitor - INFO - 监控路径: RT_text/atli_uploads\camera1\TLS_0237_fasda
2025-12-09 21:12:55,654 - atli_monitor - INFO - 等待时间: 2秒
2025-12-09 21:13:02,654 - atli_monitor - INFO - 开始处理图片: TLS_0237_0061.jpg
2025-12-09 21:13:02,654 - atli_monitor - INFO - 开始处理图片: TLS_0289_0061.jpg
2025-12-09 21:13:02,655 - atli_monitor - INFO - 图片文件信息 - 大小: 10294953 bytes
2025-12-09 21:13:02,656 - atli_monitor - INFO - 图片文件信息 - 大小: 10339280 bytes
2025-12-09 21:13:02,658 - atli_monitor - INFO - 开始提取像素坐标: TLS_0237_0061.jpg
2025-12-09 21:13:02,659 - atli_monitor - INFO - 开始提取像素坐标: TLS_0289_0061.jpg
2025-12-09 21:13:03,172 - atli_monitor - INFO - 像素坐标提取成功 - 点数: 12, 耗时: 0.515秒
2025-12-09 21:13:03,172 - atli_monitor - INFO - 保存像素坐标文件: RT_text/atli_processed\camera1\TLS_0237\pixel\20251206100106.txt - 12个点
2025-12-09 21:13:03,176 - atli_monitor - INFO - 像素坐标文件保存完成，耗时: 0.004秒
2025-12-09 21:13:03,176 - atli_monitor - INFO - 开始备份图片: RT_text/atli_processed\camera1\TLS_0237\img\20251206100106.jpg
2025-12-09 21:13:03,183 - atli_monitor - INFO - 像素坐标提取成功 - 点数: 12, 耗时: 0.525秒
2025-12-09 21:13:03,183 - atli_monitor - INFO - 保存像素坐标文件: RT_text/atli_processed\camera2\TLS_0289\pixel\20251206100106.txt - 12个点
2025-12-09 21:13:03,185 - atli_monitor - INFO - 像素坐标文件保存完成，耗时: 0.002秒
2025-12-09 21:13:03,186 - atli_monitor - INFO - 开始备份图片: RT_text/atli_processed\camera2\TLS_0289\img\20251206100106.jpg
2025-12-09 21:13:03,238 - atli_monitor - INFO - 备份图片生成完成，耗时: 0.061秒
2025-12-09 21:13:03,239 - atli_monitor - INFO - 开始生成标注图片: RT_text/atli_processed\camera1\TLS_0237\draw_img\20251206100106.jpg
2025-12-09 21:13:03,242 - atli_monitor - INFO - 备份图片生成完成，耗时: 0.056秒
2025-12-09 21:13:03,243 - atli_monitor - INFO - 开始生成标注图片: RT_text/atli_processed\camera2\TLS_0289\draw_img\20251206100106.jpg
2025-12-09 21:13:03,615 - atli_monitor - INFO - 标注图片生成完成，耗时: 0.372秒
2025-12-09 21:13:03,616 - atli_monitor - INFO - 原始图片已删除: RT_text/atli_uploads\camera2\TLS_0289_dfasasfaca\TLS_0289_0061.jpg (10339280 bytes)
2025-12-09 21:13:03,617 - atli_monitor - INFO - 图片处理完成: TLS_0289_0061.jpg -> 坐标文件: 20251206100106.txt, 备份图片: TLS_0289_0061.jpg
2025-12-09 21:13:03,647 - atli_monitor - INFO - 标注图片生成完成，耗时: 0.408秒
2025-12-09 21:13:03,648 - atli_monitor - INFO - 原始图片已删除: RT_text/atli_uploads\camera1\TLS_0237_fasda\TLS_0237_0061.jpg (10294953 bytes)
2025-12-09 21:13:03,648 - atli_monitor - INFO - 图片处理完成: TLS_0237_0061.jpg -> 坐标文件: 20251206100106.txt, 备份图片: TLS_0237_0061.jpg
2025-12-09 21:13:17,724 - atli_monitor - INFO - 开始处理图片: TLS_0289_0097.jpg
2025-12-09 21:13:17,724 - atli_monitor - INFO - 开始处理图片: TLS_0237_0097.jpg
2025-12-09 21:13:17,725 - atli_monitor - INFO - 图片文件信息 - 大小: 9912701 bytes
2025-12-09 21:13:17,726 - atli_monitor - INFO - 图片文件信息 - 大小: 9996918 bytes
2025-12-09 21:13:17,727 - atli_monitor - INFO - 开始提取像素坐标: TLS_0289_0097.jpg
2025-12-09 21:13:17,729 - atli_monitor - INFO - 开始提取像素坐标: TLS_0237_0097.jpg
2025-12-09 21:13:18,281 - atli_monitor - INFO - 像素坐标提取成功 - 点数: 12, 耗时: 0.553秒
2025-12-09 21:13:18,284 - atli_monitor - INFO - 保存像素坐标文件: RT_text/atli_processed\camera1\TLS_0237\pixel\20251206160106.txt - 12个点
2025-12-09 21:13:18,288 - atli_monitor - INFO - 像素坐标文件保存完成，耗时: 0.004秒
2025-12-09 21:13:18,288 - atli_monitor - INFO - 开始备份图片: RT_text/atli_processed\camera1\TLS_0237\img\20251206160106.jpg
2025-12-09 21:13:18,325 - atli_monitor - INFO - 备份图片生成完成，耗时: 0.037秒
2025-12-09 21:13:18,325 - atli_monitor - INFO - 开始生成标注图片: RT_text/atli_processed\camera1\TLS_0237\draw_img\20251206160106.jpg
2025-12-09 21:13:18,342 - atli_monitor - INFO - 像素坐标提取成功 - 点数: 12, 耗时: 0.614秒
2025-12-09 21:13:18,342 - atli_monitor - INFO - 保存像素坐标文件: RT_text/atli_processed\camera2\TLS_0289\pixel\20251206160106.txt - 12个点
2025-12-09 21:13:18,344 - atli_monitor - INFO - 像素坐标文件保存完成，耗时: 0.002秒
2025-12-09 21:13:18,344 - atli_monitor - INFO - 开始备份图片: RT_text/atli_processed\camera2\TLS_0289\img\20251206160106.jpg
2025-12-09 21:13:18,377 - atli_monitor - INFO - 备份图片生成完成，耗时: 0.033秒
2025-12-09 21:13:18,378 - atli_monitor - INFO - 开始生成标注图片: RT_text/atli_processed\camera2\TLS_0289\draw_img\20251206160106.jpg
2025-12-09 21:13:18,723 - atli_monitor - INFO - 标注图片生成完成，耗时: 0.398秒
2025-12-09 21:13:18,726 - atli_monitor - INFO - 原始图片已删除: RT_text/atli_uploads\camera1\TLS_0237_fasda\TLS_0237_0097.jpg (9996918 bytes)
2025-12-09 21:13:18,726 - atli_monitor - INFO - 图片处理完成: TLS_0237_0097.jpg -> 坐标文件: 20251206160106.txt, 备份图片: TLS_0237_0097.jpg
2025-12-09 21:13:18,771 - atli_monitor - INFO - 标注图片生成完成，耗时: 0.393秒
2025-12-09 21:13:18,773 - atli_monitor - INFO - 原始图片已删除: RT_text/atli_uploads\camera2\TLS_0289_dfasasfaca\TLS_0289_0097.jpg (9912701 bytes)
2025-12-09 21:13:18,773 - atli_monitor - INFO - 图片处理完成: TLS_0289_0097.jpg -> 坐标文件: 20251206160106.txt, 备份图片: TLS_0289_0097.jpg
2025-12-09 21:13:32,775 - atli_monitor - INFO - 开始处理图片: TLS_0237_0133.jpg
2025-12-09 21:13:32,775 - atli_monitor - INFO - 开始处理图片: TLS_0289_0133.jpg
2025-12-09 21:13:32,776 - atli_monitor - INFO - 图片文件信息 - 大小: 5241017 bytes
2025-12-09 21:13:32,776 - atli_monitor - INFO - 图片文件信息 - 大小: 5144677 bytes
2025-12-09 21:13:32,778 - atli_monitor - INFO - 开始提取像素坐标: TLS_0237_0133.jpg
2025-12-09 21:13:32,780 - atli_monitor - INFO - 开始提取像素坐标: TLS_0289_0133.jpg
2025-12-09 21:13:33,243 - atli_monitor - INFO - 像素坐标提取成功 - 点数: 12, 耗时: 0.463秒
2025-12-09 21:13:33,243 - atli_monitor - INFO - 保存像素坐标文件: RT_text/atli_processed\camera2\TLS_0289\pixel\20251206220111.txt - 12个点
2025-12-09 21:13:33,246 - atli_monitor - INFO - 像素坐标文件保存完成，耗时: 0.003秒
2025-12-09 21:13:33,246 - atli_monitor - INFO - 开始备份图片: RT_text/atli_processed\camera2\TLS_0289\img\20251206220111.jpg
2025-12-09 21:13:33,264 - atli_monitor - INFO - 像素坐标提取成功 - 点数: 12, 耗时: 0.485秒
2025-12-09 21:13:33,264 - atli_monitor - INFO - 保存像素坐标文件: RT_text/atli_processed\camera1\TLS_0237\pixel\20251206220111.txt - 12个点
2025-12-09 21:13:33,267 - atli_monitor - INFO - 像素坐标文件保存完成，耗时: 0.004秒
2025-12-09 21:13:33,267 - atli_monitor - INFO - 开始备份图片: RT_text/atli_processed\camera1\TLS_0237\img\20251206220111.jpg
2025-12-09 21:13:33,269 - atli_monitor - INFO - 备份图片生成完成，耗时: 0.023秒
2025-12-09 21:13:33,270 - atli_monitor - INFO - 开始生成标注图片: RT_text/atli_processed\camera2\TLS_0289\draw_img\20251206220111.jpg
2025-12-09 21:13:33,286 - atli_monitor - INFO - 备份图片生成完成，耗时: 0.018秒
2025-12-09 21:13:33,286 - atli_monitor - INFO - 开始生成标注图片: RT_text/atli_processed\camera1\TLS_0237\draw_img\20251206220111.jpg
2025-12-09 21:13:33,543 - atli_monitor - INFO - 标注图片生成完成，耗时: 0.272秒
2025-12-09 21:13:33,545 - atli_monitor - INFO - 原始图片已删除: RT_text/atli_uploads\camera2\TLS_0289_dfasasfaca\TLS_0289_0133.jpg (5144677 bytes)
2025-12-09 21:13:33,545 - atli_monitor - INFO - 图片处理完成: TLS_0289_0133.jpg -> 坐标文件: 20251206220111.txt, 备份图片: TLS_0289_0133.jpg
2025-12-09 21:13:33,552 - atli_monitor - INFO - 标注图片生成完成，耗时: 0.264秒
2025-12-09 21:13:33,553 - atli_monitor - INFO - 原始图片已删除: RT_text/atli_uploads\camera1\TLS_0237_fasda\TLS_0237_0133.jpg (5241017 bytes)
2025-12-09 21:13:33,554 - atli_monitor - INFO - 图片处理完成: TLS_0237_0133.jpg -> 坐标文件: 20251206220111.txt, 备份图片: TLS_0237_0133.jpg
2025-12-09 21:15:30,370 - atli_monitor - INFO - 接收到停止信号...
2025-12-09 21:15:30,371 - atli_monitor - INFO - 用户手动停止监控
2025-12-09 21:15:30,397 - atli_monitor - INFO - 监控服务已停止
