2025-12-09 20:44:07,153 - atli_monitor - INFO - 日志系统已启动，日志文件: logs\atli_monitor_20251209_204407.log
2025-12-09 20:44:07,153 - atli_monitor - INFO - === ATLI 相机监控系统启动 ===
2025-12-09 20:44:07,157 - config_loader - INFO - 检测到运行环境: windows
2025-12-09 20:44:07,157 - config_loader - INFO - 使用 windows 环境配置
2025-12-09 20:44:07,158 - config_loader - INFO - 当前环境: windows
2025-12-09 20:44:07,158 - config_loader - INFO - 上传目录: RT_text/atli_uploads
2025-12-09 20:44:07,158 - config_loader - INFO - 处理目录: RT_text/atli_processed
2025-12-09 20:44:07,158 - config_loader - INFO - 确保目录存在: RT_text/atli_uploads\camera1
2025-12-09 20:44:07,158 - config_loader - INFO - 确保目录存在: RT_text/atli_uploads\camera2
2025-12-09 20:44:07,159 - config_loader - INFO - 确保目录存在: RT_text/atli_processed
2025-12-09 20:44:07,159 - config_loader - INFO - 确保日志目录存在: /var/log
2025-12-09 20:44:07,159 - atli_monitor - INFO - ========================================
2025-12-09 20:44:07,159 - atli_monitor - INFO - 系统配置信息
2025-12-09 20:44:07,159 - atli_monitor - INFO - 运行环境: windows
2025-12-09 20:44:07,159 - atli_monitor - INFO - 监控上传目录: RT_text/atli_uploads
2025-12-09 20:44:07,159 - atli_monitor - INFO - 输出处理目录: RT_text/atli_processed
2025-12-09 20:44:07,159 - atli_monitor - INFO - 等待时间: 2秒
2025-12-09 20:44:07,159 - atli_monitor - INFO - 相机数量: 2
2025-12-09 20:44:07,159 - atli_monitor - INFO -   - camera1
2025-12-09 20:44:07,159 - atli_monitor - INFO -   - camera2
2025-12-09 20:44:07,159 - atli_monitor - INFO - ========================================
2025-12-09 20:44:07,159 - atli_monitor - INFO - 初始化相机监控器 - 相机数量: 2
2025-12-09 20:44:07,159 - atli_monitor - INFO - 监控路径: RT_text/atli_uploads
2025-12-09 20:44:07,159 - atli_monitor - INFO - 处理路径: RT_text/atli_processed
2025-12-09 20:44:07,159 - atli_monitor - INFO - 等待时间: 2秒
2025-12-09 20:44:07,160 - atli_monitor - INFO - 相机 camera1 像素提取器初始化成功
2025-12-09 20:44:07,160 - atli_monitor - INFO - 相机 camera2 像素提取器初始化成功
2025-12-09 20:44:07,160 - atli_monitor - INFO - 开始启动监控服务...
2025-12-09 20:44:07,160 - atli_monitor - INFO - 初始化相机处理器 - camera1
2025-12-09 20:44:07,160 - atli_monitor - INFO - 监控路径: RT_text/atli_uploads\camera1
2025-12-09 20:44:07,160 - atli_monitor - INFO - 输出路径: RT_text/atli_processed\camera1
2025-12-09 20:44:07,161 - atli_monitor - INFO - 开始监控相机: camera1 - 路径: RT_text/atli_uploads\camera1
2025-12-09 20:44:07,161 - atli_monitor - INFO - 初始化相机处理器 - camera2
2025-12-09 20:44:07,161 - atli_monitor - INFO - 监控路径: RT_text/atli_uploads\camera2
2025-12-09 20:44:07,161 - atli_monitor - INFO - 输出路径: RT_text/atli_processed\camera2
2025-12-09 20:44:07,162 - atli_monitor - INFO - 开始监控相机: camera2 - 路径: RT_text/atli_uploads\camera2
2025-12-09 20:44:07,162 - atli_monitor - INFO - 所有相机监控已启动成功
2025-12-09 20:44:12,649 - atli_monitor - INFO - 检测到新时间文件夹: TLS_0236_daasda
2025-12-09 20:44:12,649 - atli_monitor - INFO - 检测到新时间文件夹: TLS_0288_afsvweq
2025-12-09 20:44:12,650 - atli_monitor - INFO - 更新监控文件夹: TLS_0236_daasda
2025-12-09 20:44:12,650 - atli_monitor - INFO - 更新监控文件夹: TLS_0288_afsvweq
2025-12-09 20:44:12,652 - atli_monitor - INFO - 初始化时间文件夹处理器 - camera2/TLS_0288_afsvweq
2025-12-09 20:44:12,652 - atli_monitor - INFO - 初始化时间文件夹处理器 - camera1/TLS_0236_daasda
2025-12-09 20:44:12,652 - atli_monitor - INFO - 监控路径: RT_text/atli_uploads\camera2\TLS_0288_afsvweq
2025-12-09 20:44:12,653 - atli_monitor - INFO - 监控路径: RT_text/atli_uploads\camera1\TLS_0236_daasda
2025-12-09 20:44:12,653 - atli_monitor - INFO - 等待时间: 2秒
2025-12-09 20:44:12,653 - atli_monitor - INFO - 等待时间: 2秒
2025-12-09 20:44:19,682 - atli_monitor - INFO - 开始处理图片: TLS_0288_0061.jpg
2025-12-09 20:44:19,682 - atli_monitor - INFO - 开始处理图片: TLS_0236_0061.jpg
2025-12-09 20:44:19,683 - atli_monitor - INFO - 图片文件信息 - 大小: 10054236 bytes
2025-12-09 20:44:19,683 - atli_monitor - INFO - 图片文件信息 - 大小: 9975228 bytes
2025-12-09 20:44:19,706 - atli_monitor - INFO - 开始提取像素坐标: TLS_0288_0061.jpg
2025-12-09 20:44:19,706 - atli_monitor - INFO - 开始提取像素坐标: TLS_0236_0061.jpg
2025-12-09 20:44:20,222 - atli_monitor - INFO - 像素坐标提取成功 - 点数: 12, 耗时: 0.516秒
2025-12-09 20:44:20,222 - atli_monitor - INFO - 保存像素坐标文件: RT_text/atli_processed\camera2\TLS_0288\pixel\20251205100106.txt - 12个点
2025-12-09 20:44:20,225 - atli_monitor - INFO - 像素坐标文件保存完成，耗时: 0.002秒
2025-12-09 20:44:20,225 - atli_monitor - INFO - 开始备份图片: RT_text/atli_processed\camera2\TLS_0288\img\20251205100106.jpg
2025-12-09 20:44:20,250 - atli_monitor - INFO - 像素坐标提取成功 - 点数: 12, 耗时: 0.544秒
2025-12-09 20:44:20,251 - atli_monitor - INFO - 保存像素坐标文件: RT_text/atli_processed\camera1\TLS_0236\pixel\20251205100106.txt - 12个点
2025-12-09 20:44:20,252 - atli_monitor - INFO - 像素坐标文件保存完成，耗时: 0.001秒
2025-12-09 20:44:20,252 - atli_monitor - INFO - 开始备份图片: RT_text/atli_processed\camera1\TLS_0236\img\20251205100106.jpg
2025-12-09 20:44:20,609 - atli_monitor - INFO - 标注图片生成完成，耗时: 0.383秒
2025-12-09 20:44:20,611 - atli_monitor - INFO - 原始图片已删除: RT_text/atli_uploads\camera2\TLS_0288_afsvweq\TLS_0288_0061.jpg (10054236 bytes)
2025-12-09 20:44:20,611 - atli_monitor - INFO - 图片处理完成: TLS_0288_0061.jpg -> 坐标文件: 20251205100106.txt, 备份图片: TLS_0288_0061.jpg
2025-12-09 20:44:20,642 - atli_monitor - INFO - 标注图片生成完成，耗时: 0.390秒
2025-12-09 20:44:20,644 - atli_monitor - INFO - 原始图片已删除: RT_text/atli_uploads\camera1\TLS_0236_daasda\TLS_0236_0061.jpg (9975228 bytes)
2025-12-09 20:44:20,645 - atli_monitor - INFO - 图片处理完成: TLS_0236_0061.jpg -> 坐标文件: 20251205100106.txt, 备份图片: TLS_0236_0061.jpg
2025-12-09 20:44:34,739 - atli_monitor - INFO - 开始处理图片: TLS_0288_0097.jpg
2025-12-09 20:44:34,739 - atli_monitor - INFO - 开始处理图片: TLS_0236_0097.jpg
2025-12-09 20:44:34,740 - atli_monitor - INFO - 图片文件信息 - 大小: 9929976 bytes
2025-12-09 20:44:34,740 - atli_monitor - INFO - 图片文件信息 - 大小: 9951964 bytes
2025-12-09 20:44:34,743 - atli_monitor - INFO - 开始提取像素坐标: TLS_0288_0097.jpg
2025-12-09 20:44:34,744 - atli_monitor - INFO - 开始提取像素坐标: TLS_0236_0097.jpg
2025-12-09 20:44:35,250 - atli_monitor - INFO - 像素坐标提取成功 - 点数: 12, 耗时: 0.507秒
2025-12-09 20:44:35,251 - atli_monitor - INFO - 保存像素坐标文件: RT_text/atli_processed\camera2\TLS_0288\pixel\20251205160106.txt - 12个点
2025-12-09 20:44:35,254 - atli_monitor - INFO - 像素坐标文件保存完成，耗时: 0.003秒
2025-12-09 20:44:35,254 - atli_monitor - INFO - 开始备份图片: RT_text/atli_processed\camera2\TLS_0288\img\20251205160106.jpg
2025-12-09 20:44:35,312 - atli_monitor - INFO - 像素坐标提取成功 - 点数: 12, 耗时: 0.568秒
2025-12-09 20:44:35,313 - atli_monitor - INFO - 保存像素坐标文件: RT_text/atli_processed\camera1\TLS_0236\pixel\20251205160106.txt - 12个点
2025-12-09 20:44:35,315 - atli_monitor - INFO - 像素坐标文件保存完成，耗时: 0.002秒
2025-12-09 20:44:35,315 - atli_monitor - INFO - 开始备份图片: RT_text/atli_processed\camera1\TLS_0236\img\20251205160106.jpg
2025-12-09 20:44:35,592 - atli_monitor - INFO - 标注图片生成完成，耗时: 0.338秒
2025-12-09 20:44:35,594 - atli_monitor - INFO - 原始图片已删除: RT_text/atli_uploads\camera2\TLS_0288_afsvweq\TLS_0288_0097.jpg (9929976 bytes)
2025-12-09 20:44:35,594 - atli_monitor - INFO - 图片处理完成: TLS_0288_0097.jpg -> 坐标文件: 20251205160106.txt, 备份图片: TLS_0288_0097.jpg
2025-12-09 20:44:35,700 - atli_monitor - INFO - 标注图片生成完成，耗时: 0.385秒
2025-12-09 20:44:35,703 - atli_monitor - INFO - 原始图片已删除: RT_text/atli_uploads\camera1\TLS_0236_daasda\TLS_0236_0097.jpg (9951964 bytes)
2025-12-09 20:44:35,703 - atli_monitor - INFO - 图片处理完成: TLS_0236_0097.jpg -> 坐标文件: 20251205160106.txt, 备份图片: TLS_0236_0097.jpg
2025-12-09 20:44:49,810 - atli_monitor - INFO - 开始处理图片: TLS_0236_0133.jpg
2025-12-09 20:44:49,810 - atli_monitor - INFO - 开始处理图片: TLS_0288_0133.jpg
2025-12-09 20:44:49,811 - atli_monitor - INFO - 图片文件信息 - 大小: 5192607 bytes
2025-12-09 20:44:49,811 - atli_monitor - INFO - 图片文件信息 - 大小: 5248154 bytes
2025-12-09 20:44:49,813 - atli_monitor - INFO - 开始提取像素坐标: TLS_0288_0133.jpg
2025-12-09 20:44:49,814 - atli_monitor - INFO - 开始提取像素坐标: TLS_0236_0133.jpg
2025-12-09 20:44:50,253 - atli_monitor - INFO - 像素坐标提取成功 - 点数: 12, 耗时: 0.439秒
2025-12-09 20:44:50,254 - atli_monitor - INFO - 保存像素坐标文件: RT_text/atli_processed\camera2\TLS_0288\pixel\20251205220111.txt - 12个点
2025-12-09 20:44:50,257 - atli_monitor - INFO - 像素坐标文件保存完成，耗时: 0.003秒
2025-12-09 20:44:50,257 - atli_monitor - INFO - 开始备份图片: RT_text/atli_processed\camera2\TLS_0288\img\20251205220111.jpg
2025-12-09 20:44:50,289 - atli_monitor - INFO - 像素坐标提取成功 - 点数: 12, 耗时: 0.475秒
2025-12-09 20:44:50,290 - atli_monitor - INFO - 保存像素坐标文件: RT_text/atli_processed\camera1\TLS_0236\pixel\20251205220112.txt - 12个点
2025-12-09 20:44:50,292 - atli_monitor - INFO - 像素坐标文件保存完成，耗时: 0.002秒
2025-12-09 20:44:50,292 - atli_monitor - INFO - 开始备份图片: RT_text/atli_processed\camera1\TLS_0236\img\20251205220112.jpg
2025-12-09 20:44:50,559 - atli_monitor - INFO - 标注图片生成完成，耗时: 0.300秒
2025-12-09 20:44:50,560 - atli_monitor - INFO - 原始图片已删除: RT_text/atli_uploads\camera2\TLS_0288_afsvweq\TLS_0288_0133.jpg (5192607 bytes)
2025-12-09 20:44:50,560 - atli_monitor - INFO - 图片处理完成: TLS_0288_0133.jpg -> 坐标文件: 20251205220111.txt, 备份图片: TLS_0288_0133.jpg
2025-12-09 20:44:50,610 - atli_monitor - INFO - 标注图片生成完成，耗时: 0.318秒
2025-12-09 20:44:50,611 - atli_monitor - INFO - 原始图片已删除: RT_text/atli_uploads\camera1\TLS_0236_daasda\TLS_0236_0133.jpg (5248154 bytes)
2025-12-09 20:44:50,611 - atli_monitor - INFO - 图片处理完成: TLS_0236_0133.jpg -> 坐标文件: 20251205220112.txt, 备份图片: TLS_0236_0133.jpg
2025-12-09 20:45:17,852 - atli_monitor - INFO - 检测到新时间文件夹: TLS_0289_dfasasfaca
2025-12-09 20:45:17,852 - atli_monitor - INFO - 检测到新时间文件夹: TLS_0237_fasda
2025-12-09 20:45:17,855 - atli_monitor - INFO - 更新监控文件夹: TLS_0237_fasda
2025-12-09 20:45:17,857 - atli_monitor - INFO - 初始化时间文件夹处理器 - camera1/TLS_0237_fasda
2025-12-09 20:45:17,858 - atli_monitor - INFO - 监控路径: RT_text/atli_uploads\camera1\TLS_0237_fasda
2025-12-09 20:45:17,858 - atli_monitor - INFO - 等待时间: 2秒
2025-12-09 20:45:17,866 - atli_monitor - INFO - 更新监控文件夹: TLS_0289_dfasasfaca
2025-12-09 20:45:17,868 - atli_monitor - INFO - 初始化时间文件夹处理器 - camera2/TLS_0289_dfasasfaca
2025-12-09 20:45:17,869 - atli_monitor - INFO - 监控路径: RT_text/atli_uploads\camera2\TLS_0289_dfasasfaca
2025-12-09 20:45:17,869 - atli_monitor - INFO - 等待时间: 2秒
2025-12-09 20:45:24,871 - atli_monitor - INFO - 开始处理图片: TLS_0289_0061.jpg
2025-12-09 20:45:24,871 - atli_monitor - INFO - 开始处理图片: TLS_0237_0061.jpg
2025-12-09 20:45:24,872 - atli_monitor - INFO - 图片文件信息 - 大小: 10339280 bytes
2025-12-09 20:45:24,873 - atli_monitor - INFO - 图片文件信息 - 大小: 10294953 bytes
2025-12-09 20:45:24,874 - atli_monitor - INFO - 开始提取像素坐标: TLS_0289_0061.jpg
2025-12-09 20:45:24,876 - atli_monitor - INFO - 开始提取像素坐标: TLS_0237_0061.jpg
2025-12-09 20:45:25,351 - atli_monitor - INFO - 像素坐标提取成功 - 点数: 12, 耗时: 0.476秒
2025-12-09 20:45:25,351 - atli_monitor - INFO - 保存像素坐标文件: RT_text/atli_processed\camera2\TLS_0289\pixel\20251206100106.txt - 12个点
2025-12-09 20:45:25,355 - atli_monitor - INFO - 像素坐标文件保存完成，耗时: 0.004秒
2025-12-09 20:45:25,355 - atli_monitor - INFO - 开始备份图片: RT_text/atli_processed\camera2\TLS_0289\img\20251206100106.jpg
2025-12-09 20:45:25,405 - atli_monitor - INFO - 像素坐标提取成功 - 点数: 12, 耗时: 0.529秒
2025-12-09 20:45:25,405 - atli_monitor - INFO - 保存像素坐标文件: RT_text/atli_processed\camera1\TLS_0237\pixel\20251206100106.txt - 12个点
2025-12-09 20:45:25,407 - atli_monitor - INFO - 像素坐标文件保存完成，耗时: 0.002秒
2025-12-09 20:45:25,407 - atli_monitor - INFO - 开始备份图片: RT_text/atli_processed\camera1\TLS_0237\img\20251206100106.jpg
2025-12-09 20:45:25,752 - atli_monitor - INFO - 标注图片生成完成，耗时: 0.345秒
2025-12-09 20:45:25,753 - atli_monitor - INFO - 原始图片已删除: RT_text/atli_uploads\camera1\TLS_0237_fasda\TLS_0237_0061.jpg (10294953 bytes)
2025-12-09 20:45:25,754 - atli_monitor - INFO - 图片处理完成: TLS_0237_0061.jpg -> 坐标文件: 20251206100106.txt, 备份图片: TLS_0237_0061.jpg
2025-12-09 20:45:25,791 - atli_monitor - INFO - 标注图片生成完成，耗时: 0.436秒
2025-12-09 20:45:25,794 - atli_monitor - INFO - 原始图片已删除: RT_text/atli_uploads\camera2\TLS_0289_dfasasfaca\TLS_0289_0061.jpg (10339280 bytes)
2025-12-09 20:45:25,794 - atli_monitor - INFO - 图片处理完成: TLS_0289_0061.jpg -> 坐标文件: 20251206100106.txt, 备份图片: TLS_0289_0061.jpg
2025-12-09 20:45:39,926 - atli_monitor - INFO - 开始处理图片: TLS_0289_0097.jpg
2025-12-09 20:45:39,926 - atli_monitor - INFO - 开始处理图片: TLS_0237_0097.jpg
2025-12-09 20:45:39,927 - atli_monitor - INFO - 图片文件信息 - 大小: 9912701 bytes
2025-12-09 20:45:39,927 - atli_monitor - INFO - 图片文件信息 - 大小: 9996918 bytes
2025-12-09 20:45:39,929 - atli_monitor - INFO - 开始提取像素坐标: TLS_0289_0097.jpg
2025-12-09 20:45:39,930 - atli_monitor - INFO - 开始提取像素坐标: TLS_0237_0097.jpg
2025-12-09 20:45:40,435 - atli_monitor - INFO - 像素坐标提取成功 - 点数: 12, 耗时: 0.505秒
2025-12-09 20:45:40,435 - atli_monitor - INFO - 保存像素坐标文件: RT_text/atli_processed\camera2\TLS_0289\pixel\20251206160106.txt - 12个点
2025-12-09 20:45:40,438 - atli_monitor - INFO - 像素坐标文件保存完成，耗时: 0.003秒
2025-12-09 20:45:40,439 - atli_monitor - INFO - 开始备份图片: RT_text/atli_processed\camera2\TLS_0289\img\20251206160106.jpg
2025-12-09 20:45:40,500 - atli_monitor - INFO - 像素坐标提取成功 - 点数: 12, 耗时: 0.569秒
2025-12-09 20:45:40,500 - atli_monitor - INFO - 保存像素坐标文件: RT_text/atli_processed\camera1\TLS_0237\pixel\20251206160106.txt - 12个点
2025-12-09 20:45:40,502 - atli_monitor - INFO - 像素坐标文件保存完成，耗时: 0.002秒
2025-12-09 20:45:40,502 - atli_monitor - INFO - 开始备份图片: RT_text/atli_processed\camera1\TLS_0237\img\20251206160106.jpg
2025-12-09 20:45:40,776 - atli_monitor - INFO - 标注图片生成完成，耗时: 0.337秒
2025-12-09 20:45:40,777 - atli_monitor - INFO - 原始图片已删除: RT_text/atli_uploads\camera2\TLS_0289_dfasasfaca\TLS_0289_0097.jpg (9912701 bytes)
2025-12-09 20:45:40,777 - atli_monitor - INFO - 图片处理完成: TLS_0289_0097.jpg -> 坐标文件: 20251206160106.txt, 备份图片: TLS_0289_0097.jpg
2025-12-09 20:45:40,913 - atli_monitor - INFO - 标注图片生成完成，耗时: 0.411秒
2025-12-09 20:45:40,916 - atli_monitor - INFO - 原始图片已删除: RT_text/atli_uploads\camera1\TLS_0237_fasda\TLS_0237_0097.jpg (9996918 bytes)
2025-12-09 20:45:40,916 - atli_monitor - INFO - 图片处理完成: TLS_0237_0097.jpg -> 坐标文件: 20251206160106.txt, 备份图片: TLS_0237_0097.jpg
2025-12-09 20:45:54,986 - atli_monitor - INFO - 开始处理图片: TLS_0237_0133.jpg
2025-12-09 20:45:54,986 - atli_monitor - INFO - 开始处理图片: TLS_0289_0133.jpg
2025-12-09 20:45:54,987 - atli_monitor - INFO - 图片文件信息 - 大小: 5241017 bytes
2025-12-09 20:45:54,987 - atli_monitor - INFO - 图片文件信息 - 大小: 5144677 bytes
2025-12-09 20:45:54,989 - atli_monitor - INFO - 开始提取像素坐标: TLS_0237_0133.jpg
2025-12-09 20:45:54,991 - atli_monitor - INFO - 开始提取像素坐标: TLS_0289_0133.jpg
2025-12-09 20:45:55,422 - atli_monitor - INFO - 像素坐标提取成功 - 点数: 12, 耗时: 0.430秒
2025-12-09 20:45:55,422 - atli_monitor - INFO - 保存像素坐标文件: RT_text/atli_processed\camera1\TLS_0237\pixel\20251206220111.txt - 12个点
2025-12-09 20:45:55,425 - atli_monitor - INFO - 像素坐标文件保存完成，耗时: 0.003秒
2025-12-09 20:45:55,425 - atli_monitor - INFO - 开始备份图片: RT_text/atli_processed\camera1\TLS_0237\img\20251206220111.jpg
2025-12-09 20:45:55,482 - atli_monitor - INFO - 像素坐标提取成功 - 点数: 12, 耗时: 0.490秒
2025-12-09 20:45:55,482 - atli_monitor - INFO - 保存像素坐标文件: RT_text/atli_processed\camera2\TLS_0289\pixel\20251206220111.txt - 12个点
2025-12-09 20:45:55,484 - atli_monitor - INFO - 像素坐标文件保存完成，耗时: 0.002秒
2025-12-09 20:45:55,484 - atli_monitor - INFO - 开始备份图片: RT_text/atli_processed\camera2\TLS_0289\img\20251206220111.jpg
2025-12-09 20:45:55,691 - atli_monitor - INFO - 标注图片生成完成，耗时: 0.265秒
2025-12-09 20:45:55,692 - atli_monitor - INFO - 原始图片已删除: RT_text/atli_uploads\camera1\TLS_0237_fasda\TLS_0237_0133.jpg (5241017 bytes)
2025-12-09 20:45:55,693 - atli_monitor - INFO - 图片处理完成: TLS_0237_0133.jpg -> 坐标文件: 20251206220111.txt, 备份图片: TLS_0237_0133.jpg
2025-12-09 20:45:55,785 - atli_monitor - INFO - 标注图片生成完成，耗时: 0.301秒
2025-12-09 20:45:55,787 - atli_monitor - INFO - 原始图片已删除: RT_text/atli_uploads\camera2\TLS_0289_dfasasfaca\TLS_0289_0133.jpg (5144677 bytes)
2025-12-09 20:45:55,788 - atli_monitor - INFO - 图片处理完成: TLS_0289_0133.jpg -> 坐标文件: 20251206220111.txt, 备份图片: TLS_0289_0133.jpg
2025-12-09 20:48:27,471 - atli_monitor - INFO - 接收到停止信号...
2025-12-09 20:48:27,471 - atli_monitor - INFO - 用户手动停止监控
2025-12-09 20:48:27,507 - atli_monitor - INFO - 监控服务已停止
