2025-12-02 17:08:25,468 - INFO - 日志文件: logs\sim_pic_trans_20251202_170825.log
2025-12-02 17:08:25,468 - INFO - 开始图片传输模拟
2025-12-02 17:08:25,469 - INFO - 上传基础路径: D:\pic_back\atli_uploads
2025-12-02 17:08:25,469 - INFO - 源图片路径: ocr_text_img
2025-12-02 17:08:25,469 - INFO - 目标相机: ['camera1', 'camera2']
2025-12-02 17:08:25,469 - INFO - 配置时间段数量: 2
2025-12-02 17:08:25,469 - INFO - 时间段1: TLS_0202 - 源图片: TLS_0202_0001.jpg
2025-12-02 17:08:25,470 - INFO - 时间段2: TLS_0203 - 源图片: TLS_0203_0001.jpg
2025-12-02 17:08:25,470 - INFO - 开始检查源图片...
2025-12-02 17:08:25,470 - INFO - 源图片检查通过: ocr_text_img\TLS_0202_0001.jpg
2025-12-02 17:08:25,480 - INFO - 源图片检查通过: ocr_text_img\TLS_0203_0001.jpg
2025-12-02 17:08:25,480 - INFO - ==================================================
2025-12-02 17:08:25,480 - INFO - 开始模拟图片传输...
2025-12-02 17:08:25,480 - INFO - ==============================
2025-12-02 17:08:25,480 - INFO - 开始处理时间段 1/2: TLS_0202
2025-12-02 17:08:25,481 - INFO - 源图片: TLS_0202_0001.jpg
2025-12-02 17:08:25,481 - INFO - 创建文件夹成功: camera1/TLS_0202-random
2025-12-02 17:08:25,482 - INFO - 创建文件夹成功: camera2/TLS_0202-random
2025-12-02 17:08:25,482 - INFO - 等待2秒后开始图片传输...
2025-12-02 17:08:27,494 - INFO - 开始传输图片 1/3: TLS_0202_0001.jpg
2025-12-02 17:08:27,504 - INFO - ✅ camera1/TLS_0202-random/TLS_0202_0001.jpg 传输成功 (7214513 bytes, 耗时 0.008s)
2025-12-02 17:08:27,513 - INFO - ✅ camera2/TLS_0202-random/TLS_0202_0001.jpg 传输成功 (7214513 bytes, 耗时 0.009s)
2025-12-02 17:08:27,513 - INFO - 等待15秒后传输下一张图片...
2025-12-02 17:08:42,520 - INFO - 开始传输图片 2/3: TLS_0202_0002.jpg
2025-12-02 17:08:42,535 - INFO - ✅ camera1/TLS_0202-random/TLS_0202_0002.jpg 传输成功 (7214513 bytes, 耗时 0.013s)
2025-12-02 17:08:42,549 - INFO - ✅ camera2/TLS_0202-random/TLS_0202_0002.jpg 传输成功 (7214513 bytes, 耗时 0.012s)
2025-12-02 17:08:42,549 - INFO - 等待15秒后传输下一张图片...
