2025-12-02 17:07:57,288 - INFO - 日志文件: logs\sim_pic_trans_20251202_170757.log
2025-12-02 17:07:57,288 - INFO - 开始图片传输模拟
2025-12-02 17:07:57,288 - INFO - 上传基础路径: D:\pic_back\atli_uploads
2025-12-02 17:07:57,288 - INFO - 源图片路径: ocr_text_img
2025-12-02 17:07:57,288 - INFO - 目标相机: ['camera1', 'camera2']
2025-12-02 17:07:57,289 - INFO - 配置时间段数量: 2
2025-12-02 17:07:57,289 - INFO - 时间段1: TLS_0202 - 源图片: TLS_0202_0001.jpg
2025-12-02 17:07:57,289 - INFO - 时间段2: TLS_0203 - 源图片: TLS_0203_0001.jpg
2025-12-02 17:07:57,289 - INFO - 开始检查源图片...
2025-12-02 17:07:57,289 - INFO - 源图片检查通过: ocr_text_img\TLS_0202_0001.jpg
2025-12-02 17:07:57,315 - INFO - 源图片检查通过: ocr_text_img\TLS_0203_0001.jpg
2025-12-02 17:07:57,315 - INFO - ==================================================
2025-12-02 17:07:57,315 - INFO - 开始模拟图片传输...
2025-12-02 17:07:57,315 - INFO - ==============================
2025-12-02 17:07:57,315 - INFO - 开始处理时间段 1/2: TLS_0202
2025-12-02 17:07:57,315 - INFO - 源图片: TLS_0202_0001.jpg
2025-12-02 17:07:57,316 - INFO - 创建文件夹成功: camera1/TLS_0202-random
2025-12-02 17:07:57,316 - INFO - 创建文件夹成功: camera2/TLS_0202-random
2025-12-02 17:07:57,317 - INFO - 等待2秒后开始图片传输...
2025-12-02 17:07:59,320 - INFO - 开始传输图片 1/3: TLS_0202_0001.jpg
2025-12-02 17:07:59,330 - INFO - ✅ camera1/TLS_0202-random/TLS_0202_0001.jpg 传输成功 (7214513 bytes, 耗时 0.010s)
2025-12-02 17:07:59,338 - INFO - ✅ camera2/TLS_0202-random/TLS_0202_0001.jpg 传输成功 (7214513 bytes, 耗时 0.007s)
2025-12-02 17:07:59,338 - INFO - 等待15秒后传输下一张图片...
